\BOOKMARK [0][]{Titlepage.0}{Titlepage}{}% 1
\BOOKMARK [0][]{tableofcontents.0}{Contents}{}% 2
\BOOKMARK [0][]{chapter.1}{1 Development Environment}{}% 3
\BOOKMARK [0][]{chapter.2}{2 Mathematical Model}{}% 4
\BOOKMARK [1][-]{section.2.1}{2.1 Wind Farm Cable Problem Introduction}{chapter.2}% 5
\BOOKMARK [1][-]{section.2.2}{2.2 Crossing Cables}{chapter.2}% 6
\BOOKMARK [1][-]{section.2.3}{2.3 ...}{chapter.2}% 7
\BOOKMARK [0][]{chapter.3}{3 Methods}{}% 8
\BOOKMARK [1][-]{section.3.1}{3.1 Plain Execution}{chapter.3}% 9
\BOOKMARK [1][-]{section.3.2}{3.2 Relaxed Mode}{chapter.3}% 10
\BOOKMARK [1][-]{section.3.3}{3.3 CPLEX Heuristics-Params}{chapter.3}% 11
\BOOKMARK [1][-]{section.3.4}{3.4 No-Crossing condition}{chapter.3}% 12
\BOOKMARK [1][-]{section.3.5}{3.5 Lazy Constraints Method}{chapter.3}% 13
\BOOKMARK [1][-]{section.3.6}{3.6 Loop Method}{chapter.3}% 14
\BOOKMARK [1][-]{section.3.7}{3.7 Callback Method}{chapter.3}% 15
\BOOKMARK [1][-]{section.3.8}{3.8 ...}{chapter.3}% 16
\BOOKMARK [0][]{chapter.4}{4 Heuristics}{}% 17
\BOOKMARK [1][-]{section.4.1}{4.1 Math Heuristic - Hard Fixing}{chapter.4}% 18
\BOOKMARK [1][-]{section.4.2}{4.2 Taboo Search}{chapter.4}% 19
\BOOKMARK [1][-]{section.4.3}{4.3 Ant Algorithm}{chapter.4}% 20
\BOOKMARK [1][-]{section.4.4}{4.4 ...}{chapter.4}% 21
